2022-04-14 13:06:54,084 INFO [base.py(__init__:11)] - 正在初始化driver: <selenium.webdriver.chrome.webdriver.WebDriver (session="37d424fa474111eec04c5ad451056e3d")>
2022-04-14 13:06:54,084 INFO [page_travel_login.py(page_travel_login:34)] - 正在调用后台管理系统登录业务方法，用户名：admin 密码：123456
2022-04-14 13:06:54,084 INFO [base.py(base_find:23)] - 正在查找元素：['css selector', "[placeholder='请输入账号']"] 
2022-04-14 13:06:54,096 INFO [base.py(base_input:37)] - 正在对：['css selector', "[placeholder='请输入账号']"] 元素执行清空操作！
2022-04-14 13:06:54,124 INFO [base.py(base_input:40)] - 正在对：['css selector', "[placeholder='请输入账号']"] 元素执行输入：admin 操作！
2022-04-14 13:06:54,184 INFO [base.py(base_find:23)] - 正在查找元素：('css selector', "[placeholder='请输入密码']") 
2022-04-14 13:06:54,196 INFO [base.py(base_input:37)] - 正在对：('css selector', "[placeholder='请输入密码']") 元素执行清空操作！
2022-04-14 13:06:54,220 INFO [base.py(base_input:40)] - 正在对：('css selector', "[placeholder='请输入密码']") 元素执行输入：123456 操作！
2022-04-14 13:06:55,282 INFO [base.py(base_click:48)] - 正在对：('xpath', "//*[@id='login']/form/div[3]/div/button") 元素执行点击操作！
2022-04-14 13:06:55,282 INFO [base.py(base_find:23)] - 正在查找元素：('xpath', "//*[@id='login']/form/div[3]/div/button") 
2022-04-14 13:06:55,334 INFO [base.py(base_find:23)] - 正在查找元素：('xpath', "//*[@id='leftMenuId']/li[1]/div") 
2022-04-14 13:06:56,118 INFO [base.py(base_get_text:59)] - 正在对：('xpath', "//*[@id='leftMenuId']/li[1]/div") 元素获取文本操作！获取的文本值为：系统主页 
2022-04-14 13:06:56,122 ERROR [test01_travel_login.py(test_travel_login:34)] - 断言出错，错误信息：assert '1系统主页' == '系统主页'
  - 系统主页
  + 1系统主页
  ? +
2022-04-14 13:06:56,122 ERROR [base.py(base_get_img:64)] - 断言出错，正在执行截图操作！
2022-04-14 13:06:56,830 ERROR [base.py(base_get_img:67)] - 断言出错，正在将错误图片写入allure报告！
2022-04-14 13:07:04,484 INFO [base.py(__init__:11)] - 正在初始化driver: <selenium.webdriver.chrome.webdriver.WebDriver (session="78d498abebc583f8e7d4fe2190ac63de")>
2022-04-14 13:07:04,488 INFO [page_travel_login.py(page_travel_login_success:42)] - 正在调用后台管理系统登录业务方法，用户名：admin 密码：123456
2022-04-14 13:07:04,488 INFO [base.py(base_find:23)] - 正在查找元素：['css selector', "[placeholder='请输入账号']"] 
2022-04-14 13:07:04,500 INFO [base.py(base_input:37)] - 正在对：['css selector', "[placeholder='请输入账号']"] 元素执行清空操作！
2022-04-14 13:07:04,524 INFO [base.py(base_input:40)] - 正在对：['css selector', "[placeholder='请输入账号']"] 元素执行输入：admin 操作！
2022-04-14 13:07:04,580 INFO [base.py(base_find:23)] - 正在查找元素：('css selector', "[placeholder='请输入密码']") 
2022-04-14 13:07:04,592 INFO [base.py(base_input:37)] - 正在对：('css selector', "[placeholder='请输入密码']") 元素执行清空操作！
2022-04-14 13:07:04,620 INFO [base.py(base_input:40)] - 正在对：('css selector', "[placeholder='请输入密码']") 元素执行输入：123456 操作！
2022-04-14 13:07:05,687 INFO [base.py(base_click:48)] - 正在对：('xpath', "//*[@id='login']/form/div[3]/div/button") 元素执行点击操作！
2022-04-14 13:07:05,687 INFO [base.py(base_find:23)] - 正在查找元素：('xpath', "//*[@id='login']/form/div[3]/div/button") 
2022-04-14 13:07:05,747 INFO [base.py(__init__:11)] - 正在初始化driver: <selenium.webdriver.chrome.webdriver.WebDriver (session="78d498abebc583f8e7d4fe2190ac63de")>
2022-04-14 13:07:06,751 INFO [base.py(base_click:48)] - 正在对：('xpath', "//*[@id='leftMenuId']/li[2]/div") 元素执行点击操作！
2022-04-14 13:07:06,751 INFO [base.py(base_find:23)] - 正在查找元素：('xpath', "//*[@id='leftMenuId']/li[2]/div") 
2022-04-14 13:07:07,083 INFO [base.py(base_click:48)] - 正在对：('xpath', "//*[@id='leftMenuId']/li[2]/ul") 元素执行点击操作！
2022-04-14 13:07:07,083 INFO [base.py(base_find:23)] - 正在查找元素：('xpath', "//*[@id='leftMenuId']/li[2]/ul") 
2022-04-14 13:07:08,387 INFO [base.py(base_click:48)] - 正在对：('xpath', "//*[@id='app']/section/section/main/div/div[1]/form/div[2]/div/button[2]") 元素执行点击操作！
2022-04-14 13:07:08,387 INFO [base.py(base_find:23)] - 正在查找元素：('xpath', "//*[@id='app']/section/section/main/div/div[1]/form/div[2]/div/button[2]") 
2022-04-14 13:07:09,451 INFO [base.py(base_find:23)] - 正在查找元素：('xpath', "//*[@id='app']/section/section/main/div/div[4]/div/div[2]/form/div[1]/div/div/input") 
2022-04-14 13:07:09,459 INFO [base.py(base_input:37)] - 正在对：('xpath', "//*[@id='app']/section/section/main/div/div[4]/div/div[2]/form/div[1]/div/div/input") 元素执行清空操作！
2022-04-14 13:07:09,487 INFO [base.py(base_input:40)] - 正在对：('xpath', "//*[@id='app']/section/section/main/div/div[4]/div/div[2]/form/div[1]/div/div/input") 元素执行输入：221大酒店 操作！
2022-04-14 13:07:09,575 INFO [base.py(base_find:23)] - 正在查找元素：('xpath', "//*[@id='app']/section/section/main/div/div[4]/div/div[2]/form/div[2]/div/div/input") 
2022-04-14 13:07:09,587 INFO [base.py(base_input:37)] - 正在对：('xpath', "//*[@id='app']/section/section/main/div/div[4]/div/div[2]/form/div[2]/div/div/input") 元素执行清空操作！
2022-04-14 13:07:09,615 INFO [base.py(base_input:40)] - 正在对：('xpath', "//*[@id='app']/section/section/main/div/div[4]/div/div[2]/form/div[2]/div/div/input") 元素执行输入：221 操作！
2022-04-14 13:07:10,699 INFO [base.py(base_click:48)] - 正在对：('xpath', "//*[@id='app']/section/section/main/div/div[4]/div/div[3]/div/button[2]") 元素执行点击操作！
2022-04-14 13:07:10,699 INFO [base.py(base_find:23)] - 正在查找元素：('xpath', "//*[@id='app']/section/section/main/div/div[4]/div/div[3]/div/button[2]") 
2022-04-14 13:07:11,747 INFO [base.py(base_find:23)] - 正在查找元素：('xpath', '/html/body/div[2]/div/div[2]/div[1]/div[2]') 
2022-04-14 13:07:11,767 INFO [base.py(base_get_text:59)] - 正在对：('xpath', '/html/body/div[2]/div/div[2]/div[1]/div[2]') 元素获取文本操作！获取的文本值为：保存成功 
2022-04-14 13:14:49,930 INFO [base.py(__init__:11)] - 正在初始化driver: <selenium.webdriver.chrome.webdriver.WebDriver (session="5360a523fcd6ae06a0cd55cfef98097f")>
2022-04-14 13:14:49,934 INFO [page_travel_login.py(page_travel_login:34)] - 正在调用后台管理系统登录业务方法，用户名：admin 密码：123456
2022-04-14 13:14:49,934 INFO [base.py(base_find:23)] - 正在查找元素：['css selector', "[placeholder='请输入账号']"] 
2022-04-14 13:14:49,946 INFO [base.py(base_input:37)] - 正在对：['css selector', "[placeholder='请输入账号']"] 元素执行清空操作！
2022-04-14 13:14:49,974 INFO [base.py(base_input:40)] - 正在对：['css selector', "[placeholder='请输入账号']"] 元素执行输入：admin 操作！
2022-04-14 13:14:50,030 INFO [base.py(base_find:23)] - 正在查找元素：('css selector', "[placeholder='请输入密码']") 
2022-04-14 13:14:50,042 INFO [base.py(base_input:37)] - 正在对：('css selector', "[placeholder='请输入密码']") 元素执行清空操作！
2022-04-14 13:14:50,070 INFO [base.py(base_input:40)] - 正在对：('css selector', "[placeholder='请输入密码']") 元素执行输入：123456 操作！
2022-04-14 13:14:51,146 INFO [base.py(base_click:48)] - 正在对：('xpath', "//*[@id='login']/form/div[3]/div/button") 元素执行点击操作！
2022-04-14 13:14:51,146 INFO [base.py(base_find:23)] - 正在查找元素：('xpath', "//*[@id='login']/form/div[3]/div/button") 
2022-04-14 13:14:51,198 INFO [base.py(base_find:23)] - 正在查找元素：('xpath', "//*[@id='leftMenuId']/li[1]/div") 
2022-04-14 13:14:51,910 INFO [base.py(base_get_text:59)] - 正在对：('xpath', "//*[@id='leftMenuId']/li[1]/div") 元素获取文本操作！获取的文本值为：系统主页 
2022-04-14 13:14:51,914 ERROR [test01_travel_login.py(test_travel_login:34)] - 断言出错，错误信息：assert '1系统主页' == '系统主页'
  - 系统主页
  + 1系统主页
  ? +
2022-04-14 13:14:51,914 ERROR [base.py(base_get_img:64)] - 断言出错，正在执行截图操作！
2022-04-14 13:14:52,706 ERROR [base.py(base_get_img:67)] - 断言出错，正在将错误图片写入allure报告！
2022-04-14 13:15:01,456 INFO [base.py(__init__:11)] - 正在初始化driver: <selenium.webdriver.chrome.webdriver.WebDriver (session="07295888fe8bfebd1811280c3966e9e5")>
2022-04-14 13:15:01,456 INFO [page_travel_login.py(page_travel_login_success:42)] - 正在调用后台管理系统登录业务方法，用户名：admin 密码：123456
2022-04-14 13:15:01,456 INFO [base.py(base_find:23)] - 正在查找元素：['css selector', "[placeholder='请输入账号']"] 
2022-04-14 13:15:01,468 INFO [base.py(base_input:37)] - 正在对：['css selector', "[placeholder='请输入账号']"] 元素执行清空操作！
2022-04-14 13:15:01,496 INFO [base.py(base_input:40)] - 正在对：['css selector', "[placeholder='请输入账号']"] 元素执行输入：admin 操作！
2022-04-14 13:15:01,556 INFO [base.py(base_find:23)] - 正在查找元素：('css selector', "[placeholder='请输入密码']") 
2022-04-14 13:15:01,564 INFO [base.py(base_input:37)] - 正在对：('css selector', "[placeholder='请输入密码']") 元素执行清空操作！
2022-04-14 13:15:01,592 INFO [base.py(base_input:40)] - 正在对：('css selector', "[placeholder='请输入密码']") 元素执行输入：123456 操作！
2022-04-14 13:15:02,659 INFO [base.py(base_click:48)] - 正在对：('xpath', "//*[@id='login']/form/div[3]/div/button") 元素执行点击操作！
2022-04-14 13:15:02,659 INFO [base.py(base_find:23)] - 正在查找元素：('xpath', "//*[@id='login']/form/div[3]/div/button") 
2022-04-14 13:15:02,731 INFO [base.py(__init__:11)] - 正在初始化driver: <selenium.webdriver.chrome.webdriver.WebDriver (session="07295888fe8bfebd1811280c3966e9e5")>
2022-04-14 13:15:03,743 INFO [base.py(base_click:48)] - 正在对：('xpath', "//*[@id='leftMenuId']/li[2]/div") 元素执行点击操作！
2022-04-14 13:15:03,743 INFO [base.py(base_find:23)] - 正在查找元素：('xpath', "//*[@id='leftMenuId']/li[2]/div") 
2022-04-14 13:15:03,963 INFO [base.py(base_click:48)] - 正在对：('xpath', "//*[@id='leftMenuId']/li[2]/ul") 元素执行点击操作！
2022-04-14 13:15:03,967 INFO [base.py(base_find:23)] - 正在查找元素：('xpath', "//*[@id='leftMenuId']/li[2]/ul") 
2022-04-14 13:15:05,287 INFO [base.py(base_click:48)] - 正在对：('xpath', "//*[@id='app']/section/section/main/div/div[1]/form/div[2]/div/button[2]") 元素执行点击操作！
2022-04-14 13:15:05,287 INFO [base.py(base_find:23)] - 正在查找元素：('xpath', "//*[@id='app']/section/section/main/div/div[1]/form/div[2]/div/button[2]") 
2022-04-14 13:15:06,351 INFO [base.py(base_find:23)] - 正在查找元素：('xpath', "//*[@id='app']/section/section/main/div/div[4]/div/div[2]/form/div[1]/div/div/input") 
2022-04-14 13:15:06,359 INFO [base.py(base_input:37)] - 正在对：('xpath', "//*[@id='app']/section/section/main/div/div[4]/div/div[2]/form/div[1]/div/div/input") 元素执行清空操作！
2022-04-14 13:15:06,387 INFO [base.py(base_input:40)] - 正在对：('xpath', "//*[@id='app']/section/section/main/div/div[4]/div/div[2]/form/div[1]/div/div/input") 元素执行输入：221大酒店 操作！
2022-04-14 13:15:06,467 INFO [base.py(base_find:23)] - 正在查找元素：('xpath', "//*[@id='app']/section/section/main/div/div[4]/div/div[2]/form/div[2]/div/div/input") 
2022-04-14 13:15:06,483 INFO [base.py(base_input:37)] - 正在对：('xpath', "//*[@id='app']/section/section/main/div/div[4]/div/div[2]/form/div[2]/div/div/input") 元素执行清空操作！
2022-04-14 13:15:06,515 INFO [base.py(base_input:40)] - 正在对：('xpath', "//*[@id='app']/section/section/main/div/div[4]/div/div[2]/form/div[2]/div/div/input") 元素执行输入：221 操作！
2022-04-14 13:15:07,591 INFO [base.py(base_click:48)] - 正在对：('xpath', "//*[@id='app']/section/section/main/div/div[4]/div/div[3]/div/button[2]") 元素执行点击操作！
2022-04-14 13:15:07,591 INFO [base.py(base_find:23)] - 正在查找元素：('xpath', "//*[@id='app']/section/section/main/div/div[4]/div/div[3]/div/button[2]") 
2022-04-14 13:15:08,635 INFO [base.py(base_find:23)] - 正在查找元素：('xpath', '/html/body/div[2]/div/div[2]/div[1]/div[2]') 
2022-04-14 13:15:08,659 INFO [base.py(base_get_text:59)] - 正在对：('xpath', '/html/body/div[2]/div/div[2]/div[1]/div[2]') 元素获取文本操作！获取的文本值为：保存成功 
